2026.04.03 09:59:49 WARN  Using H2 2.4.240 which is newer than the version Flyway has been verified with. The latest verified version of H2 is 2.3.232.
2026.04.03 09:59:50 WARN  no build tool detected in workspace 'C:\Users\ilyan\Desktop\efrei2\devops\tp1'. The most common cause for this problem is that the editor was opened in the wrong working directory, for example if you use sbt then the workspace directory should contain build.sbt. 
2026.04.03 09:59:50 WARN  Build server is not auto-connectable.
2026.04.03 09:59:50 WARN  no build target for: C:\Users\ilyan\Desktop\efrei2\devops\tp1\backend\Main.java
2026.04.03 10:11:48 WARN  no build target for: C:\Users\ilyan\Desktop\efrei2\devops\tp1\backend\src\main\java\fr\takima\training\simpleapi\SimpleapiApplication.java
2026.04.03 10:11:48 INFO  no build target found for C:\Users\ilyan\Desktop\efrei2\devops\tp1\backend\src\main\java\fr\takima\training\simpleapi\SimpleapiApplication.java. Using fallback presentation compiler.
2026.04.03 10:11:49 INFO  no build target found for C:\Users\ilyan\Desktop\efrei2\devops\tp1\backend\src\main\java\fr\takima\training\simpleapi\SimpleapiApplication.java. Using fallback presentation compiler.
avr. 03, 2026 10:11:49 AM org.eclipse.lsp4j.jsonrpc.RemoteEndpoint handleCancellation
AVERTISSEMENT: Unmatched cancel notification for request id 1
2026.04.03 10:11:48 INFO  no build target found for C:\Users\ilyan\Desktop\efrei2\devops\tp1\backend\src\main\java\fr\takima\training\simpleapi\SimpleapiApplication.java. Using fallback presentation compiler.
2026.04.03 10:11:48 INFO  no build target found for C:\Users\ilyan\Desktop\efrei2\devops\tp1\backend\src\main\java\fr\takima\training\simpleapi\SimpleapiApplication.java. Using fallback presentation compiler.
2026.04.03 10:11:49 INFO  no build target found for C:\Users\ilyan\Desktop\efrei2\devops\tp1\backend\src\main\java\fr\takima\training\simpleapi\SimpleapiApplication.java. Using fallback presentation compiler.
2026.04.03 10:11:57 INFO  no build target found for C:\Users\ilyan\Desktop\efrei2\devops\tp1\backend\src\main\java\fr\takima\training\simpleapi\SimpleapiApplication.java. Using fallback presentation compiler.
2026.04.03 10:13:19 WARN  no build target for: C:\Users\ilyan\Desktop\efrei2\devops\tp1\backend\src\main\java\fr\takima\training\simpleapi\controller\GreetingController.java
2026.04.03 10:13:19 INFO  no build target found for C:\Users\ilyan\Desktop\efrei2\devops\tp1\backend\src\main\java\fr\takima\training\simpleapi\SimpleapiApplication.java. Using fallback presentation compiler.
2026.04.03 10:14:45 INFO  no build target found for C:\Users\ilyan\Desktop\efrei2\devops\tp1\backend\src\main\java\fr\takima\training\simpleapi\SimpleapiApplication.java. Using fallback presentation compiler.
2026.04.03 10:14:47 INFO  no build target found for C:\Users\ilyan\Desktop\efrei2\devops\tp1\backend\src\main\java\fr\takima\training\simpleapi\SimpleapiApplication.java. Using fallback presentation compiler.
2026.04.03 10:14:51 INFO  no build target found for C:\Users\ilyan\Desktop\efrei2\devops\tp1\backend\src\main\java\fr\takima\training\simpleapi\controller\GreetingController.java. Using fallback presentation compiler.
2026.04.03 10:14:51 WARN  no build target for: C:\Users\ilyan\Desktop\efrei2\devops\tp1\backend\src\main\java\fr\takima\training\simpleapi\controller\GreetingController.java
2026.04.03 10:14:51 INFO  no build target found for C:\Users\ilyan\Desktop\efrei2\devops\tp1\backend\src\main\java\fr\takima\training\simpleapi\controller\GreetingController.java. Using fallback presentation compiler.
2026.04.03 10:14:51 INFO  no build target found for C:\Users\ilyan\Desktop\efrei2\devops\tp1\backend\src\main\java\fr\takima\training\simpleapi\controller\GreetingController.java. Using fallback presentation compiler.
2026.04.03 10:14:51 INFO  no build target found for C:\Users\ilyan\Desktop\efrei2\devops\tp1\backend\src\main\java\fr\takima\training\simpleapi\controller\GreetingController.java. Using fallback presentation compiler.
2026.04.03 10:15:10 INFO  no build target found for C:\Users\ilyan\Desktop\efrei2\devops\tp1\backend\src\main\java\fr\takima\training\simpleapi\controller\GreetingController.java. Using fallback presentation compiler.
2026.04.03 10:15:35 INFO  no build target found for C:\Users\ilyan\Desktop\efrei2\devops\tp1\backend\src\main\java\fr\takima\training\simpleapi\controller\GreetingController.java. Using fallback presentation compiler.
avr. 03, 2026 10:15:36 AM org.eclipse.lsp4j.jsonrpc.RemoteEndpoint handleCancellation
AVERTISSEMENT: Unmatched cancel notification for request id 26
2026.04.03 10:15:35 INFO  no build target found for C:\Users\ilyan\Desktop\efrei2\devops\tp1\backend\src\main\java\fr\takima\training\simpleapi\SimpleApiApplication.java. Using fallback presentation compiler.
2026.04.03 10:15:35 INFO  no build target found for C:\Users\ilyan\Desktop\efrei2\devops\tp1\backend\src\main\java\fr\takima\training\simpleapi\controller\GreetingController.java. Using fallback presentation compiler.
2026.04.03 10:15:36 INFO  no build target found for C:\Users\ilyan\Desktop\efrei2\devops\tp1\backend\src\main\java\fr\takima\training\simpleapi\controller\GreetingController.java. Using fallback presentation compiler.
2026.04.03 10:15:35 INFO  no build target found for C:\Users\ilyan\Desktop\efrei2\devops\tp1\backend\src\main\java\fr\takima\training\simpleapi\controller\GreetingController.java. Using fallback presentation compiler.
avr. 03, 2026 10:15:37 AM org.eclipse.lsp4j.jsonrpc.RemoteEndpoint handleCancellation
AVERTISSEMENT: Unmatched cancel notification for request id 27
2026.04.03 10:15:37 INFO  time: code lens generation in 1.45s
2026.04.03 10:15:39 INFO  no build target found for C:\Users\ilyan\Desktop\efrei2\devops\tp1\backend\src\main\java\fr\takima\training\simpleapi\controller\GreetingController.java. Using fallback presentation compiler.
2026.04.03 10:15:42 INFO  no build target found for C:\Users\ilyan\Desktop\efrei2\devops\tp1\backend\src\main\java\fr\takima\training\simpleapi\controller\GreetingController.java. Using fallback presentation compiler.
avr. 03, 2026 10:15:42 AM org.eclipse.lsp4j.jsonrpc.RemoteEndpoint handleCancellation
AVERTISSEMENT: Unmatched cancel notification for request id 36
2026.04.03 10:15:42 INFO  no build target found for C:\Users\ilyan\Desktop\efrei2\devops\tp1\backend\src\main\java\fr\takima\training\simpleapi\controller\GreetingController.java. Using fallback presentation compiler.
2026.04.03 10:15:42 INFO  no build target found for C:\Users\ilyan\Desktop\efrei2\devops\tp1\backend\src\main\java\fr\takima\training\simpleapi\controller\GreetingController.java. Using fallback presentation compiler.
2026.04.03 10:20:45 WARN  no build target for: C:\Users\ilyan\Desktop\efrei2\devops\tp1\backend\src\main\java\fr\takima\training\simpleapi\controller\GreetingController.java
2026.04.03 10:20:45 INFO  no build target found for C:\Users\ilyan\Desktop\efrei2\devops\tp1\backend\src\main\java\fr\takima\training\simpleapi\controller\GreetingController.java. Using fallback presentation compiler.
2026.04.03 10:20:45 INFO  no build target found for C:\Users\ilyan\Desktop\efrei2\devops\tp1\backend\src\main\java\fr\takima\training\simpleapi\controller\GreetingController.java. Using fallback presentation compiler.
2026.04.03 10:20:45 INFO  no build target found for C:\Users\ilyan\Desktop\efrei2\devops\tp1\backend\src\main\java\fr\takima\training\simpleapi\controller\GreetingController.java. Using fallback presentation compiler.
2026.04.03 10:20:48 INFO  no build target found for C:\Users\ilyan\Desktop\efrei2\devops\tp1\backend\src\main\java\fr\takima\training\simpleapi\controller\GreetingController.java. Using fallback presentation compiler.
2026.04.03 10:21:09 WARN  no build target for: C:\Users\ilyan\Desktop\efrei2\devops\tp1\backend\src\main\java\fr\takima\training\simpleapi\controller\StudentController.java
2026.04.03 10:21:09 INFO  no build target found for C:\Users\ilyan\Desktop\efrei2\devops\tp1\backend\src\main\java\fr\takima\training\simpleapi\controller\StudentController.java. Using fallback presentation compiler.
2026.04.03 10:21:09 INFO  no build target found for C:\Users\ilyan\Desktop\efrei2\devops\tp1\backend\src\main\java\fr\takima\training\simpleapi\controller\StudentController.java. Using fallback presentation compiler.
avr. 03, 2026 10:21:09 AM org.eclipse.lsp4j.jsonrpc.RemoteEndpoint handleCancellation
AVERTISSEMENT: Unmatched cancel notification for request id 45
2026.04.03 10:21:09 INFO  no build target found for C:\Users\ilyan\Desktop\efrei2\devops\tp1\backend\src\main\java\fr\takima\training\simpleapi\controller\StudentController.java. Using fallback presentation compiler.
2026.04.03 10:21:09 INFO  no build target found for C:\Users\ilyan\Desktop\efrei2\devops\tp1\backend\src\main\java\fr\takima\training\simpleapi\controller\StudentController.java. Using fallback presentation compiler.
2026.04.03 10:21:09 INFO  no build target found for C:\Users\ilyan\Desktop\efrei2\devops\tp1\backend\src\main\java\fr\takima\training\simpleapi\controller\StudentController.java. Using fallback presentation compiler.
2026.04.03 10:21:10 INFO  no build target found for C:\Users\ilyan\Desktop\efrei2\devops\tp1\backend\src\main\java\fr\takima\training\simpleapi\controller\GreetingController.java. Using fallback presentation compiler.
2026.04.03 10:21:10 WARN  no build target for: C:\Users\ilyan\Desktop\efrei2\devops\tp1\backend\src\main\java\fr\takima\training\simpleapi\controller\GreetingController.java
2026.04.03 10:21:10 INFO  no build target found for C:\Users\ilyan\Desktop\efrei2\devops\tp1\backend\src\main\java\fr\takima\training\simpleapi\controller\GreetingController.java. Using fallback presentation compiler.
2026.04.03 10:21:10 INFO  no build target found for C:\Users\ilyan\Desktop\efrei2\devops\tp1\backend\src\main\java\fr\takima\training\simpleapi\controller\GreetingController.java. Using fallback presentation compiler.
2026.04.03 10:21:10 INFO  no build target found for C:\Users\ilyan\Desktop\efrei2\devops\tp1\backend\src\main\java\fr\takima\training\simpleapi\controller\GreetingController.java. Using fallback presentation compiler.
2026.04.03 10:21:12 WARN  no build target for: C:\Users\ilyan\Desktop\efrei2\devops\tp1\backend\src\main\java\fr\takima\training\simpleapi\controller\DepartmentController.java
2026.04.03 10:21:12 INFO  no build target found for C:\Users\ilyan\Desktop\efrei2\devops\tp1\backend\src\main\java\fr\takima\training\simpleapi\controller\DepartmentController.java. Using fallback presentation compiler.
2026.04.03 10:21:12 INFO  no build target found for C:\Users\ilyan\Desktop\efrei2\devops\tp1\backend\src\main\java\fr\takima\training\simpleapi\controller\DepartmentController.java. Using fallback presentation compiler.
2026.04.03 10:21:12 INFO  no build target found for C:\Users\ilyan\Desktop\efrei2\devops\tp1\backend\src\main\java\fr\takima\training\simpleapi\controller\DepartmentController.java. Using fallback presentation compiler.
2026.04.03 10:21:12 INFO  no build target found for C:\Users\ilyan\Desktop\efrei2\devops\tp1\backend\src\main\java\fr\takima\training\simpleapi\controller\DepartmentController.java. Using fallback presentation compiler.
2026.04.03 10:21:12 INFO  no build target found for C:\Users\ilyan\Desktop\efrei2\devops\tp1\backend\src\main\java\fr\takima\training\simpleapi\controller\DepartmentController.java. Using fallback presentation compiler.
2026.04.03 10:21:54 INFO  no build target found for C:\Users\ilyan\Desktop\efrei2\devops\tp1\backend\src\main\java\fr\takima\training\simpleapi\controller\DepartmentController.java. Using fallback presentation compiler.
2026.04.03 10:30:21 WARN  no build target for: C:\Users\ilyan\Desktop\efrei2\devops\tp1\backend\src\main\java\fr\takima\training\simpleapi\entity\Department.java
2026.04.03 10:30:23 WARN  no build target for: C:\Users\ilyan\Desktop\efrei2\devops\tp1\backend\src\main\java\fr\takima\training\simpleapi\entity\Student.java
2026.04.03 10:30:26 WARN  no build target for: C:\Users\ilyan\Desktop\efrei2\devops\tp1\backend\src\main\java\fr\takima\training\simpleapi\dao\DepartmentDAO.java
2026.04.03 10:30:28 WARN  no build target for: C:\Users\ilyan\Desktop\efrei2\devops\tp1\backend\src\main\java\fr\takima\training\simpleapi\dao\StudentDAO.java
2026.04.03 10:30:30 WARN  no build target for: C:\Users\ilyan\Desktop\efrei2\devops\tp1\backend\src\main\java\fr\takima\training\simpleapi\service\DepartmentService.java
2026.04.03 10:30:33 WARN  no build target for: C:\Users\ilyan\Desktop\efrei2\devops\tp1\backend\src\main\java\fr\takima\training\simpleapi\service\StudentService.java
2026.04.03 10:33:21 INFO  no build target found for C:\Users\ilyan\Desktop\efrei2\devops\tp1\backend\src\main\java\fr\takima\training\simpleapi\entity\Department.java. Using fallback presentation compiler.
2026.04.03 10:33:23 INFO  no build target found for C:\Users\ilyan\Desktop\efrei2\devops\tp1\backend\src\main\java\fr\takima\training\simpleapi\entity\Student.java. Using fallback presentation compiler.
2026.04.03 10:33:26 INFO  no build target found for C:\Users\ilyan\Desktop\efrei2\devops\tp1\backend\src\main\java\fr\takima\training\simpleapi\dao\DepartmentDAO.java. Using fallback presentation compiler.
2026.04.03 10:33:28 INFO  no build target found for C:\Users\ilyan\Desktop\efrei2\devops\tp1\backend\src\main\java\fr\takima\training\simpleapi\dao\StudentDAO.java. Using fallback presentation compiler.
2026.04.03 10:33:30 INFO  no build target found for C:\Users\ilyan\Desktop\efrei2\devops\tp1\backend\src\main\java\fr\takima\training\simpleapi\service\DepartmentService.java. Using fallback presentation compiler.
2026.04.03 10:33:33 INFO  no build target found for C:\Users\ilyan\Desktop\efrei2\devops\tp1\backend\src\main\java\fr\takima\training\simpleapi\service\StudentService.java. Using fallback presentation compiler.
2026.04.03 10:42:25 INFO  no build target found for C:\Users\ilyan\Desktop\efrei2\devops\tp1\backend\src\main\java\fr\takima\training\simpleapi\controller\GreetingController.java. Using fallback presentation compiler.
2026.04.03 10:42:25 WARN  no build target for: C:\Users\ilyan\Desktop\efrei2\devops\tp1\backend\src\main\java\fr\takima\training\simpleapi\controller\GreetingController.java
2026.04.03 10:42:25 INFO  no build target found for C:\Users\ilyan\Desktop\efrei2\devops\tp1\backend\src\main\java\fr\takima\training\simpleapi\controller\GreetingController.java. Using fallback presentation compiler.
2026.04.03 10:42:25 INFO  no build target found for C:\Users\ilyan\Desktop\efrei2\devops\tp1\backend\src\main\java\fr\takima\training\simpleapi\controller\GreetingController.java. Using fallback presentation compiler.
2026.04.03 10:42:25 INFO  no build target found for C:\Users\ilyan\Desktop\efrei2\devops\tp1\backend\src\main\java\fr\takima\training\simpleapi\controller\GreetingController.java. Using fallback presentation compiler.
2026.04.03 10:42:41 INFO  no build target found for C:\Users\ilyan\Desktop\efrei2\devops\tp1\backend\src\main\java\fr\takima\training\simpleapi\controller\GreetingController.java. Using fallback presentation compiler.
2026.04.03 10:43:08 INFO  no build target found for C:\Users\ilyan\Desktop\efrei2\devops\tp1\backend\src\main\java\fr\takima\training\simpleapi\controller\GreetingController.java. Using fallback presentation compiler.
2026.04.03 10:43:08 INFO  no build target found for C:\Users\ilyan\Desktop\efrei2\devops\tp1\backend\src\main\java\fr\takima\training\simpleapi\controller\GreetingController.java. Using fallback presentation compiler.
2026.04.03 10:43:08 INFO  no build target found for C:\Users\ilyan\Desktop\efrei2\devops\tp1\backend\src\main\java\fr\takima\training\simpleapi\controller\GreetingController.java. Using fallback presentation compiler.
2026.04.03 10:43:12 INFO  no build target found for C:\Users\ilyan\Desktop\efrei2\devops\tp1\backend\src\main\java\fr\takima\training\simpleapi\controller\GreetingController.java. Using fallback presentation compiler.
2026.04.03 10:43:12 INFO  no build target found for C:\Users\ilyan\Desktop\efrei2\devops\tp1\backend\src\main\java\fr\takima\training\simpleapi\controller\GreetingController.java. Using fallback presentation compiler.
2026.04.03 10:43:12 INFO  no build target found for C:\Users\ilyan\Desktop\efrei2\devops\tp1\backend\src\main\java\fr\takima\training\simpleapi\controller\GreetingController.java. Using fallback presentation compiler.
2026.04.03 10:43:13 INFO  no build target found for C:\Users\ilyan\Desktop\efrei2\devops\tp1\backend\src\main\java\fr\takima\training\simpleapi\controller\GreetingController.java. Using fallback presentation compiler.
2026.04.03 10:43:13 WARN  no build target for: C:\Users\ilyan\Desktop\efrei2\devops\tp1\backend\src\main\java\fr\takima\training\simpleapi\controller\GreetingController.java
2026.04.03 10:43:13 INFO  no build target found for C:\Users\ilyan\Desktop\efrei2\devops\tp1\backend\src\main\java\fr\takima\training\simpleapi\controller\GreetingController.java. Using fallback presentation compiler.
2026.04.03 10:43:13 INFO  no build target found for C:\Users\ilyan\Desktop\efrei2\devops\tp1\backend\src\main\java\fr\takima\training\simpleapi\controller\GreetingController.java. Using fallback presentation compiler.
2026.04.03 10:43:13 INFO  no build target found for C:\Users\ilyan\Desktop\efrei2\devops\tp1\backend\src\main\java\fr\takima\training\simpleapi\controller\GreetingController.java. Using fallback presentation compiler.
2026.04.03 10:48:54 WARN  no build target for: C:\Users\ilyan\Desktop\efrei2\devops\tp1\backend\src\main\java\fr\takima\training\simpleapi\controller\GreetingController.java
2026.04.03 10:48:54 INFO  no build target found for C:\Users\ilyan\Desktop\efrei2\devops\tp1\backend\src\main\java\fr\takima\training\simpleapi\controller\GreetingController.java. Using fallback presentation compiler.
